<?xml version="1.0" encoding="UTF-8"?>
<!-- Generated by org.testng.reporters.JUnitReportReporter -->
<testsuite hostname="zia-PC" name="CommonTest" tests="2" failures="0" timestamp="22 Dec 2013 02:08:52 GMT" time="3.175" errors="0">
  <testcase name="signup" time="0.592" classname="CommonTest"/>
  <testcase name="login" time="2.583" classname="CommonTest"/>
</testsuite> <!-- CommonTest -->
